{
  "RSpec": {
    "coverage": {
      "/Users/james/turing/mod3/sweater_weather/app/services/mapquest_geo_api.rb": {
        "lines": [
          1,
          1,
          null,
          1,
          2,
          2,
          null,
          2,
          null,
          null,
          null,
          1,
          null,
          1,
          2,
          null,
          null,
          1,
          2,
          2,
          null,
          null,
          null,
          null
        ]
      },
      "/Users/james/turing/mod3/sweater_weather/app/services/open_weather_api.rb": {
        "lines": [
          1,
          1,
          null,
          1,
          2,
          2,
          2,
          2,
          2,
          null,
          2,
          null,
          null,
          null,
          1,
          null,
          1,
          2,
          null,
          null,
          1,
          2,
          2,
          null,
          null,
          null,
          null
        ]
      },
      "/Users/james/turing/mod3/sweater_weather/app/controllers/api/v1/forecast_controller.rb": {
        "lines": [
          1,
          null,
          1,
          2,
          2,
          null,
          null
        ]
      },
      "/Users/james/turing/mod3/sweater_weather/app/controllers/application_controller.rb": {
        "lines": [
          1,
          1,
          null,
          1,
          null,
          1,
          2,
          null,
          null,
          1,
          2,
          null,
          null,
          1,
          0,
          null,
          null
        ]
      },
      "/Users/james/turing/mod3/sweater_weather/app/poros/forecast.rb": {
        "lines": [
          1,
          null,
          1,
          2,
          null,
          null,
          1,
          2,
          null,
          null,
          1,
          98,
          null,
          null,
          1,
          18,
          null,
          null
        ]
      },
      "/Users/james/turing/mod3/sweater_weather/app/facades/forecast_facade.rb": {
        "lines": [
          1,
          1,
          1,
          2,
          2,
          0,
          0,
          0,
          null,
          null,
          null,
          1,
          2,
          2,
          2,
          null,
          null,
          1,
          2,
          2,
          null,
          null,
          null
        ]
      },
      "/Users/james/turing/mod3/sweater_weather/app/serializers/forecast_serializer.rb": {
        "lines": [
          1,
          1,
          3,
          1,
          1,
          null,
          null,
          null
        ]
      },
      "/Users/james/turing/mod3/sweater_weather/app/poros/current_forecast.rb": {
        "lines": [
          1,
          1,
          null,
          null,
          null,
          null,
          null,
          null,
          null,
          null,
          null,
          null,
          1,
          2,
          2,
          2,
          2,
          2,
          2,
          2,
          2,
          2,
          2,
          null,
          null,
          1,
          6,
          null,
          null
        ]
      },
      "/Users/james/turing/mod3/sweater_weather/app/poros/daily_forecast.rb": {
        "lines": [
          1,
          1,
          null,
          null,
          null,
          null,
          null,
          null,
          null,
          1,
          16,
          16,
          16,
          16,
          16,
          16,
          16,
          null,
          null,
          1,
          32,
          null,
          null
        ]
      },
      "/Users/james/turing/mod3/sweater_weather/app/poros/hourly_forecast.rb": {
        "lines": [
          1,
          1,
          null,
          null,
          null,
          1,
          96,
          96,
          96,
          96,
          null,
          null,
          1,
          96,
          null,
          null
        ]
      }
    },
    "timestamp": 1615148796
  }
}
